[debug] [2021-04-18T12:06:00.371Z] ----------------------------------------------------------------------
[debug] [2021-04-18T12:06:00.372Z] Command:       /Users/michaeltalbot/.nvm/versions/node/v14.15.5/bin/node /Users/michaeltalbot/.nvm/versions/node/v14.15.5/bin/firebase init
[debug] [2021-04-18T12:06:00.372Z] CLI Version:   9.10.0
[debug] [2021-04-18T12:06:00.373Z] Platform:      darwin
[debug] [2021-04-18T12:06:00.373Z] Node Version:  v14.15.5
[debug] [2021-04-18T12:06:00.373Z] Time:          Sun Apr 18 2021 13:06:00 GMT+0100 (British Summer Time)
[debug] [2021-04-18T12:06:00.374Z] ----------------------------------------------------------------------
[debug] 
[debug] [2021-04-18T12:06:00.376Z] > command requires scopes: ["email","openid","https://www.googleapis.com/auth/cloudplatformprojects.readonly","https://www.googleapis.com/auth/firebase","https://www.googleapis.com/auth/cloud-platform"]
[debug] [2021-04-18T12:06:00.377Z] > authorizing via signed-in user (michael.john.talbot@googlemail.com)
[info] 
     ######## #### ########  ######## ########     ###     ######  ########
     ##        ##  ##     ## ##       ##     ##  ##   ##  ##       ##
     ######    ##  ########  ######   ########  #########  ######  ######
     ##        ##  ##    ##  ##       ##     ## ##     ##       ## ##
     ##       #### ##     ## ######## ########  ##     ##  ######  ########

You're about to initialize a Firebase project in this directory:

  /Users/michaeltalbot/onebestlife

[info] 
=== Project Setup
[info] 
[info] First, let's associate this project directory with a Firebase project.
[info] You can create multiple project aliases by running firebase use --add, 
[info] but for now we'll just set up a default project.
[info] 
[debug] [2021-04-18T12:06:45.896Z] >>> [apiv2][query] GET https://firebase.googleapis.com/v1beta1/projects pageSize=100
[debug] [2021-04-18T12:06:46.564Z] <<< [apiv2][status] GET https://firebase.googleapis.com/v1beta1/projects 200
[debug] [2021-04-18T12:06:46.564Z] <<< [apiv2][body] GET https://firebase.googleapis.com/v1beta1/projects [omitted]
[info] i  Using project my-goals-4a3f0 (1bestlife) 
[info] 
=== Firestore Setup
[debug] [2021-04-18T12:06:49.564Z] > refreshing access token with scopes: ["email","https://www.googleapis.com/auth/cloud-platform","https://www.googleapis.com/auth/cloudplatformprojects.readonly","https://www.googleapis.com/auth/firebase","openid"]
[debug] [2021-04-18T12:06:49.564Z] >>> HTTP REQUEST POST https://www.googleapis.com/oauth2/v3/token  
 <request body omitted>
[debug] [2021-04-18T12:06:49.822Z] <<< HTTP RESPONSE 200 {"cache-control":"no-cache, no-store, max-age=0, must-revalidate","pragma":"no-cache","expires":"Mon, 01 Jan 1990 00:00:00 GMT","date":"Sun, 18 Apr 2021 12:06:49 GMT","content-type":"application/json; charset=utf-8","vary":"X-Origin, Referer, Origin,Accept-Encoding","server":"scaffolding on HTTPServer2","x-xss-protection":"0","x-frame-options":"SAMEORIGIN","x-content-type-options":"nosniff","alt-svc":"h3-29=\":443\"; ma=2592000,h3-T051=\":443\"; ma=2592000,h3-Q050=\":443\"; ma=2592000,h3-Q046=\":443\"; ma=2592000,h3-Q043=\":443\"; ma=2592000,quic=\":443\"; ma=2592000; v=\"46,43\"","accept-ranges":"none","transfer-encoding":"chunked"}
[debug] [2021-04-18T12:06:49.840Z] >>> HTTP REQUEST GET https://serviceusage.googleapis.com/v1/projects/my-goals-4a3f0/services/firestore.googleapis.com  
 
[debug] [2021-04-18T12:06:50.897Z] <<< HTTP RESPONSE 200 {"content-type":"application/json; charset=UTF-8","vary":"X-Origin, Referer, Origin,Accept-Encoding","date":"Sun, 18 Apr 2021 12:06:50 GMT","server":"ESF","cache-control":"private","x-xss-protection":"0","x-frame-options":"SAMEORIGIN","x-content-type-options":"nosniff","alt-svc":"h3-29=\":443\"; ma=2592000,h3-T051=\":443\"; ma=2592000,h3-Q050=\":443\"; ma=2592000,h3-Q046=\":443\"; ma=2592000,h3-Q043=\":443\"; ma=2592000,quic=\":443\"; ma=2592000; v=\"46,43\"","accept-ranges":"none","transfer-encoding":"chunked"}
[debug] [2021-04-18T12:06:50.898Z] >>> HTTP REQUEST GET https://appengine.googleapis.com/v1/apps/my-goals-4a3f0  
 
[debug] [2021-04-18T12:06:51.233Z] <<< HTTP RESPONSE 200 {"content-type":"application/json; charset=UTF-8","vary":"X-Origin, Referer, Origin,Accept-Encoding","date":"Sun, 18 Apr 2021 12:06:51 GMT","server":"ESF","cache-control":"private","x-xss-protection":"0","x-frame-options":"SAMEORIGIN","x-content-type-options":"nosniff","alt-svc":"h3-29=\":443\"; ma=2592000,h3-T051=\":443\"; ma=2592000,h3-Q050=\":443\"; ma=2592000,h3-Q046=\":443\"; ma=2592000,h3-Q043=\":443\"; ma=2592000,quic=\":443\"; ma=2592000; v=\"46,43\"","accept-ranges":"none","transfer-encoding":"chunked"}
[debug] [2021-04-18T12:06:51.234Z] database_type: CLOUD_FIRESTORE
[debug] [2021-04-18T12:06:51.234Z] > command requires scopes: ["email","openid","https://www.googleapis.com/auth/cloudplatformprojects.readonly","https://www.googleapis.com/auth/firebase","https://www.googleapis.com/auth/cloud-platform"]
[debug] [2021-04-18T12:06:51.234Z] > authorizing via signed-in user (michael.john.talbot@googlemail.com)
[debug] [2021-04-18T12:06:51.234Z] [iam] checking project my-goals-4a3f0 for permissions ["firebase.projects.get"]
[debug] [2021-04-18T12:06:51.234Z] >>> HTTP REQUEST POST https://cloudresourcemanager.googleapis.com/v1/projects/my-goals-4a3f0:testIamPermissions  
 {"permissions":["firebase.projects.get"]}
[debug] [2021-04-18T12:06:52.058Z] <<< HTTP RESPONSE 200 {"content-type":"application/json; charset=UTF-8","vary":"X-Origin, Referer, Origin,Accept-Encoding","date":"Sun, 18 Apr 2021 12:06:52 GMT","server":"ESF","cache-control":"private","x-xss-protection":"0","x-frame-options":"SAMEORIGIN","x-content-type-options":"nosniff","server-timing":"gfet4t7; dur=550","alt-svc":"h3-29=\":443\"; ma=2592000,h3-T051=\":443\"; ma=2592000,h3-Q050=\":443\"; ma=2592000,h3-Q046=\":443\"; ma=2592000,h3-Q043=\":443\"; ma=2592000,quic=\":443\"; ma=2592000; v=\"46,43\"","accept-ranges":"none","transfer-encoding":"chunked"}
[info] 
[info] Firestore Security Rules allow you to define how and when to allow
[info] requests. You can keep these rules in your project directory
[info] and publish them with firebase deploy.
[info] 
[debug] [2021-04-18T12:06:54.704Z] >>> HTTP REQUEST GET https://firebaserules.googleapis.com/v1/projects/my-goals-4a3f0/releases?pageSize=10&pageToken=  
 
[debug] [2021-04-18T12:06:55.766Z] <<< HTTP RESPONSE 200 {"content-type":"application/json; charset=UTF-8","vary":"X-Origin, Referer, Origin,Accept-Encoding","date":"Sun, 18 Apr 2021 12:06:55 GMT","server":"ESF","cache-control":"private","x-xss-protection":"0","x-frame-options":"SAMEORIGIN","x-content-type-options":"nosniff","alt-svc":"h3-29=\":443\"; ma=2592000,h3-T051=\":443\"; ma=2592000,h3-Q050=\":443\"; ma=2592000,h3-Q046=\":443\"; ma=2592000,h3-Q043=\":443\"; ma=2592000,quic=\":443\"; ma=2592000; v=\"46,43\"","accept-ranges":"none","transfer-encoding":"chunked"}
[debug] [2021-04-18T12:06:55.766Z] Found ruleset: projects/my-goals-4a3f0/rulesets/e43e85e4-0476-46bd-9ed0-b5daee69db4b
[debug] [2021-04-18T12:06:55.767Z] >>> HTTP REQUEST GET https://firebaserules.googleapis.com/v1/projects/my-goals-4a3f0/rulesets/e43e85e4-0476-46bd-9ed0-b5daee69db4b  
 
[debug] [2021-04-18T12:06:56.527Z] <<< HTTP RESPONSE 200 {"content-type":"application/json; charset=UTF-8","vary":"X-Origin, Referer, Origin,Accept-Encoding","date":"Sun, 18 Apr 2021 12:06:56 GMT","server":"ESF","cache-control":"private","x-xss-protection":"0","x-frame-options":"SAMEORIGIN","x-content-type-options":"nosniff","alt-svc":"h3-29=\":443\"; ma=2592000,h3-T051=\":443\"; ma=2592000,h3-Q050=\":443\"; ma=2592000,h3-Q046=\":443\"; ma=2592000,h3-Q043=\":443\"; ma=2592000,quic=\":443\"; ma=2592000; v=\"46,43\"","accept-ranges":"none","transfer-encoding":"chunked"}
[info] 
[info] Firestore indexes allow you to perform complex queries while
[info] maintaining performance that scales with the size of the result
[info] set. You can keep index definitions in your project directory
[info] and publish them with firebase deploy.
[info] 
[debug] [2021-04-18T12:06:58.615Z] >>> HTTP REQUEST GET https://firestore.googleapis.com/v1/projects/my-goals-4a3f0/databases/(default)/collectionGroups/-/indexes  
 
[debug] [2021-04-18T12:06:58.615Z] >>> HTTP REQUEST GET https://firestore.googleapis.com/v1/projects/my-goals-4a3f0/databases/(default)/collectionGroups/-/fields?filter=indexConfig.usesAncestorConfig=false  
 
[debug] [2021-04-18T12:06:59.274Z] <<< HTTP RESPONSE 200 {"content-type":"application/json; charset=UTF-8","vary":"X-Origin, Referer, Origin,Accept-Encoding","date":"Sun, 18 Apr 2021 12:06:59 GMT","server":"ESF","cache-control":"private","x-xss-protection":"0","x-frame-options":"SAMEORIGIN","x-content-type-options":"nosniff","alt-svc":"h3-29=\":443\"; ma=2592000,h3-T051=\":443\"; ma=2592000,h3-Q050=\":443\"; ma=2592000,h3-Q046=\":443\"; ma=2592000,h3-Q043=\":443\"; ma=2592000,quic=\":443\"; ma=2592000; v=\"46,43\"","accept-ranges":"none","transfer-encoding":"chunked"}
[debug] [2021-04-18T12:07:00.581Z] <<< HTTP RESPONSE 200 {"content-type":"application/json; charset=UTF-8","vary":"X-Origin, Referer, Origin,Accept-Encoding","date":"Sun, 18 Apr 2021 12:07:00 GMT","server":"ESF","cache-control":"private","x-xss-protection":"0","x-frame-options":"SAMEORIGIN","x-content-type-options":"nosniff","alt-svc":"h3-29=\":443\"; ma=2592000,h3-T051=\":443\"; ma=2592000,h3-Q050=\":443\"; ma=2592000,h3-Q046=\":443\"; ma=2592000,h3-Q043=\":443\"; ma=2592000,quic=\":443\"; ma=2592000; v=\"46,43\"","accept-ranges":"none","transfer-encoding":"chunked"}
[info] 
=== Functions Setup
[info] 
[info] A functions directory will be created in your project with a Node.js
[info] package pre-configured. Functions can be deployed with firebase deploy.
[info] 
[debug] [2021-04-18T12:07:00.582Z] > command requires scopes: ["email","openid","https://www.googleapis.com/auth/cloudplatformprojects.readonly","https://www.googleapis.com/auth/firebase","https://www.googleapis.com/auth/cloud-platform"]
[debug] [2021-04-18T12:07:00.583Z] > authorizing via signed-in user (michael.john.talbot@googlemail.com)
[debug] [2021-04-18T12:07:00.583Z] [iam] checking project my-goals-4a3f0 for permissions ["firebase.projects.get"]
[debug] [2021-04-18T12:07:00.583Z] >>> HTTP REQUEST POST https://cloudresourcemanager.googleapis.com/v1/projects/my-goals-4a3f0:testIamPermissions  
 {"permissions":["firebase.projects.get"]}
[debug] [2021-04-18T12:07:01.380Z] <<< HTTP RESPONSE 200 {"content-type":"application/json; charset=UTF-8","vary":"X-Origin, Referer, Origin,Accept-Encoding","date":"Sun, 18 Apr 2021 12:07:01 GMT","server":"ESF","cache-control":"private","x-xss-protection":"0","x-frame-options":"SAMEORIGIN","x-content-type-options":"nosniff","server-timing":"gfet4t7; dur=540","alt-svc":"h3-29=\":443\"; ma=2592000,h3-T051=\":443\"; ma=2592000,h3-Q050=\":443\"; ma=2592000,h3-Q046=\":443\"; ma=2592000,h3-Q043=\":443\"; ma=2592000,quic=\":443\"; ma=2592000; v=\"46,43\"","accept-ranges":"none","transfer-encoding":"chunked"}
[debug] [2021-04-18T12:07:01.381Z] >>> HTTP REQUEST POST https://serviceusage.googleapis.com/v1/projects/my-goals-4a3f0/services/cloudfunctions.googleapis.com:enable  
 
[debug] [2021-04-18T12:07:01.381Z] >>> HTTP REQUEST POST https://serviceusage.googleapis.com/v1/projects/my-goals-4a3f0/services/runtimeconfig.googleapis.com:enable  
 
[debug] [2021-04-18T12:07:02.778Z] <<< HTTP RESPONSE 200 {"content-type":"application/json; charset=UTF-8","vary":"X-Origin, Referer, Origin,Accept-Encoding","date":"Sun, 18 Apr 2021 12:07:02 GMT","server":"ESF","cache-control":"private","x-xss-protection":"0","x-frame-options":"SAMEORIGIN","x-content-type-options":"nosniff","alt-svc":"h3-29=\":443\"; ma=2592000,h3-T051=\":443\"; ma=2592000,h3-Q050=\":443\"; ma=2592000,h3-Q046=\":443\"; ma=2592000,h3-Q043=\":443\"; ma=2592000,quic=\":443\"; ma=2592000; v=\"46,43\"","accept-ranges":"none","transfer-encoding":"chunked"}
[debug] [2021-04-18T12:07:02.785Z] <<< HTTP RESPONSE 200 {"content-type":"application/json; charset=UTF-8","vary":"X-Origin, Referer, Origin,Accept-Encoding","date":"Sun, 18 Apr 2021 12:07:02 GMT","server":"ESF","cache-control":"private","x-xss-protection":"0","x-frame-options":"SAMEORIGIN","x-content-type-options":"nosniff","alt-svc":"h3-29=\":443\"; ma=2592000,h3-T051=\":443\"; ma=2592000,h3-Q050=\":443\"; ma=2592000,h3-Q046=\":443\"; ma=2592000,h3-Q043=\":443\"; ma=2592000,quic=\":443\"; ma=2592000; v=\"46,43\"","accept-ranges":"none","transfer-encoding":"chunked"}
[info] ✔  Wrote functions/package.json 
[info] ✔  Wrote functions/index.js 
[info] ✔  Wrote functions/.gitignore 
[info] 
=== Hosting Setup
[info] 
[info] Your public directory is the folder (relative to your project directory) that
[info] will contain Hosting assets to be uploaded with firebase deploy. If you
[info] have a build process for your assets, use your build's output directory.
[info] 
[info] ✔  Wrote public/404.html 
[debug] [2021-04-18T12:07:43.023Z] >>> [apiv2][query] GET https://www.gstatic.com/firebasejs/releases.json [none]
[debug] [2021-04-18T12:07:43.209Z] <<< [apiv2][status] GET https://www.gstatic.com/firebasejs/releases.json 200
[debug] [2021-04-18T12:07:43.209Z] <<< [apiv2][body] GET https://www.gstatic.com/firebasejs/releases.json {"current":{"version":"8.4.1","browserURL":"https://www.gstatic.com/firebasejs/8.4.1/firebase.js","packageURL":"https://www.gstatic.com/firebasejs/8.4.1/firebase.tgz"},"live":{"version":"8.4","browserURL":"https://www.gstatic.com/firebasejs/live/8.4/firebase.js","packageURL":"https://www.gstatic.com/firebasejs/live/8.4/firebase.tgz"},"components":{"analytics":"https://www.gstatic.com/firebasejs/8.4.1/firebase-analytics.js","app":"https://www.gstatic.com/firebasejs/8.4.1/firebase-app.js","auth":"https://www.gstatic.com/firebasejs/8.4.1/firebase-auth.js","database":"https://www.gstatic.com/firebasejs/8.4.1/firebase-database.js","firestore":"https://www.gstatic.com/firebasejs/8.4.1/firebase-firestore.js","functions":"https://www.gstatic.com/firebasejs/8.4.1/firebase-functions.js","installations":"https://www.gstatic.com/firebasejs/8.4.1/firebase-installations.js","messaging":"https://www.gstatic.com/firebasejs/8.4.1/firebase-messaging.js","storage":"https://www.gstatic.com/firebasejs/8.4.1/firebase-storage.js","performance":"https://www.gstatic.com/firebasejs/8.4.1/firebase-performance.js","remote-config":"https://www.gstatic.com/firebasejs/8.4.1/firebase-remote-config.js","firestore.memory":"https://www.gstatic.com/firebasejs/8.4.1/firebase-firestore.memory.js"}}
[info] ✔  Wrote public/index.html 
[info] 
[info] i  Detected a .git folder at /Users/michaeltalbot 
[info] i  Authorizing with GitHub to upload your service account to a GitHub repository's secrets store. 
[info] 
[info] Visit this URL on this device to log in:
[info] https://github.com/login/oauth/authorize?client_id=89cf50f02ac6aaed3484&state=597466959&redirect_uri=http%3A%2F%2Flocalhost%3A9005&scope=read%3Auser%20repo%20public_repo
[info] 
[info] Waiting for authentication...
[debug] [2021-04-18T12:07:50.954Z] >>> HTTP REQUEST POST https://github.com/login/oauth/access_token  
 {"client_id":"89cf50f02ac6aaed3484","client_secret":"3330d14abc895d9a74d5f17cd7a00711fa2c5bf0","code":"29238ec5355859e059f8","redirect_uri":"http://localhost:9005","state":"597466959"}
[debug] [2021-04-18T12:07:51.356Z] <<< HTTP RESPONSE 200 {"server":"GitHub.com","date":"Sun, 18 Apr 2021 12:07:51 GMT","content-type":"application/json; charset=utf-8","transfer-encoding":"chunked","vary":"X-PJAX, Accept-Encoding, Accept, X-Requested-With","etag":"W/\"f323aaf61903e06cd91b5952a07c0599\"","cache-control":"max-age=0, private, must-revalidate","strict-transport-security":"max-age=31536000; includeSubdomains; preload","x-frame-options":"deny","x-content-type-options":"nosniff","x-xss-protection":"0","referrer-policy":"origin-when-cross-origin, strict-origin-when-cross-origin","expect-ct":"max-age=2592000, report-uri=\"https://api.github.com/_private/browser/errors\"","content-security-policy":"default-src 'none'; base-uri 'self'; block-all-mixed-content; connect-src 'self' uploads.github.com www.githubstatus.com collector.githubapp.com api.github.com github-cloud.s3.amazonaws.com github-production-repository-file-5c1aeb.s3.amazonaws.com github-production-upload-manifest-file-7fdce7.s3.amazonaws.com github-production-user-asset-6210df.s3.amazonaws.com cdn.optimizely.com logx.optimizely.com/v1/events wss://alive.github.com; font-src github.githubassets.com; form-action 'self' github.com gist.github.com; frame-ancestors 'none'; frame-src render.githubusercontent.com; img-src 'self' data: github.githubassets.com identicons.github.com collector.githubapp.com github-cloud.s3.amazonaws.com secured-user-images.githubusercontent.com/ *.githubusercontent.com; manifest-src 'self'; media-src 'none'; script-src github.githubassets.com; style-src 'unsafe-inline' github.githubassets.com; worker-src github.com/socket-worker-3f088aa2.js gist.github.com/socket-worker-3f088aa2.js","x-github-request-id":"28B3:C8ED:2FDDC29:31C8494:607C2117"}
[debug] [2021-04-18T12:07:51.357Z] >>> [apiv2][query] GET https://api.github.com/user [none]
[debug] [2021-04-18T12:07:51.785Z] <<< [apiv2][status] GET https://api.github.com/user 200
[debug] [2021-04-18T12:07:51.785Z] <<< [apiv2][body] GET https://api.github.com/user {"login":"miketalbot","id":38054740,"node_id":"MDQ6VXNlcjM4MDU0NzQw","avatar_url":"https://avatars.githubusercontent.com/u/38054740?v=4","gravatar_id":"","url":"https://api.github.com/users/miketalbot","html_url":"https://github.com/miketalbot","followers_url":"https://api.github.com/users/miketalbot/followers","following_url":"https://api.github.com/users/miketalbot/following{/other_user}","gists_url":"https://api.github.com/users/miketalbot/gists{/gist_id}","starred_url":"https://api.github.com/users/miketalbot/starred{/owner}{/repo}","subscriptions_url":"https://api.github.com/users/miketalbot/subscriptions","organizations_url":"https://api.github.com/users/miketalbot/orgs","repos_url":"https://api.github.com/users/miketalbot/repos","events_url":"https://api.github.com/users/miketalbot/events{/privacy}","received_events_url":"https://api.github.com/users/miketalbot/received_events","type":"User","site_admin":false,"name":"Mike Talbot","company":null,"blog":"http://js-coroutines.com","location":"Bristol UK","email":null,"hireable":null,"bio":"I'm a veteran developer and tinkerer.","twitter_username":"mike_talbot","public_repos":15,"public_gists":0,"followers":21,"following":2,"created_at":"2018-04-03T22:20:41Z","updated_at":"2021-04-18T12:07:50Z","private_gists":2,"total_private_repos":2,"owned_private_repos":2,"disk_usage":44638,"collaborators":0,"two_factor_authentication":false,"plan":{"name":"pro","space":976562499,"collaborators":0,"private_repos":9999}}
[info] 
[info] ✔  Success! Logged into GitHub as miketalbot 
[info] 
[debug] [2021-04-18T12:08:17.430Z] >>> [apiv2][query] GET https://api.github.com/repos/miketalbot/1bestlife/actions/secrets/public-key type=owner
[debug] [2021-04-18T12:08:17.712Z] <<< [apiv2][status] GET https://api.github.com/repos/miketalbot/1bestlife/actions/secrets/public-key 404
[debug] [2021-04-18T12:08:17.712Z] <<< [apiv2][body] GET https://api.github.com/repos/miketalbot/1bestlife/actions/secrets/public-key {"message":"Not Found","documentation_url":"https://docs.github.com/rest/reference/actions#get-a-repository-public-key"}
